[27-Apr-2016 13:31:19] PHP Notice:  Undefined index: species in D:\Inetpub\wwwroot\markjw\2NDITS1\marw_trowe\website\add-script.php on line 30
[27-Apr-2016 13:48:57] PHP Parse error:  parse error, expecting `','' or `';'' in D:\Inetpub\wwwroot\markjw\2NDITS1\marw_trowe\website\add-level-2.php on line 56
[27-Apr-2016 13:49:20] PHP Parse error:  parse error, expecting `','' or `';'' in D:\Inetpub\wwwroot\markjw\2NDITS1\marw_trowe\website\add-level-2.php on line 56
[27-Apr-2016 13:49:21] PHP Parse error:  parse error, expecting `','' or `';'' in D:\Inetpub\wwwroot\markjw\2NDITS1\marw_trowe\website\add-level-2.php on line 56
[27-Apr-2016 13:49:21] PHP Parse error:  parse error, expecting `','' or `';'' in D:\Inetpub\wwwroot\markjw\2NDITS1\marw_trowe\website\add-level-2.php on line 56
[27-Apr-2016 13:49:21] PHP Parse error:  parse error, expecting `','' or `';'' in D:\Inetpub\wwwroot\markjw\2NDITS1\marw_trowe\website\add-level-2.php on line 56
[27-Apr-2016 13:49:24] PHP Parse error:  parse error, expecting `','' or `';'' in D:\Inetpub\wwwroot\markjw\2NDITS1\marw_trowe\website\add-level-2.php on line 56
[27-Apr-2016 13:49:24] PHP Parse error:  parse error, expecting `','' or `';'' in D:\Inetpub\wwwroot\markjw\2NDITS1\marw_trowe\website\add-level-2.php on line 56
[27-Apr-2016 13:49:24] PHP Parse error:  parse error, expecting `','' or `';'' in D:\Inetpub\wwwroot\markjw\2NDITS1\marw_trowe\website\add-level-2.php on line 56
[27-Apr-2016 13:49:25] PHP Parse error:  parse error, expecting `','' or `';'' in D:\Inetpub\wwwroot\markjw\2NDITS1\marw_trowe\website\add-level-2.php on line 56
[28-Apr-2016 12:45:33] PHP Parse error:  parse error, expecting `','' or `';'' in D:\Inetpub\wwwroot\markjw\2NDITS1\marw_trowe\website\update-edit.php on line 112
[29-Apr-2016 09:40:49] PHP Notice:  Undefined index: action in D:\Inetpub\wwwroot\markjw\2NDITS1\marw_trowe\website\contact.php on line 44
[29-Apr-2016 09:41:35] PHP Notice:  Undefined index: action in D:\Inetpub\wwwroot\markjw\2NDITS1\marw_trowe\website\contact.php on line 44
[29-Apr-2016 09:42:05] PHP Notice:  Undefined index: action in D:\Inetpub\wwwroot\markjw\2NDITS1\marw_trowe\website\contact.php on line 45
[29-Apr-2016 09:42:06] PHP Notice:  Undefined index: action in D:\Inetpub\wwwroot\markjw\2NDITS1\marw_trowe\website\contact.php on line 45
[29-Apr-2016 09:42:09] PHP Notice:  Undefined index: action in D:\Inetpub\wwwroot\markjw\2NDITS1\marw_trowe\website\contact.php on line 45
[29-Apr-2016 09:42:09] PHP Notice:  Undefined index: action in D:\Inetpub\wwwroot\markjw\2NDITS1\marw_trowe\website\contact.php on line 45
[29-Apr-2016 09:42:10] PHP Notice:  Undefined index: action in D:\Inetpub\wwwroot\markjw\2NDITS1\marw_trowe\website\contact.php on line 45
[29-Apr-2016 09:42:37] PHP Notice:  Undefined index: action in D:\Inetpub\wwwroot\markjw\2NDITS1\marw_trowe\website\contact.php on line 45
[29-Apr-2016 09:43:33] PHP Notice:  Undefined index: action in D:\Inetpub\wwwroot\markjw\2NDITS1\marw_trowe\website\contact.php on line 45
[29-Apr-2016 09:43:34] PHP Notice:  Undefined index: action in D:\Inetpub\wwwroot\markjw\2NDITS1\marw_trowe\website\contact.php on line 45
[29-Apr-2016 09:43:34] PHP Notice:  Undefined index: action in D:\Inetpub\wwwroot\markjw\2NDITS1\marw_trowe\website\contact.php on line 45
[29-Apr-2016 09:43:35] PHP Notice:  Undefined index: action in D:\Inetpub\wwwroot\markjw\2NDITS1\marw_trowe\website\contact.php on line 45
[29-Apr-2016 09:43:35] PHP Notice:  Undefined index: action in D:\Inetpub\wwwroot\markjw\2NDITS1\marw_trowe\website\contact.php on line 45
[29-Apr-2016 09:44:30] PHP Notice:  Undefined index: action in D:\Inetpub\wwwroot\markjw\2NDITS1\marw_trowe\website\contact.php on line 45
[29-Apr-2016 09:44:54] PHP Notice:  Undefined index: action in D:\Inetpub\wwwroot\markjw\2NDITS1\marw_trowe\website\contact.php on line 45
[29-Apr-2016 09:44:55] PHP Notice:  Undefined index: action in D:\Inetpub\wwwroot\markjw\2NDITS1\marw_trowe\website\contact.php on line 45
[29-Apr-2016 09:45:04] PHP Notice:  Undefined index: action in D:\Inetpub\wwwroot\markjw\2NDITS1\marw_trowe\website\contact.php on line 45
[29-Apr-2016 09:45:05] PHP Notice:  Undefined index: action in D:\Inetpub\wwwroot\markjw\2NDITS1\marw_trowe\website\contact.php on line 45
[29-Apr-2016 09:45:05] PHP Notice:  Undefined index: action in D:\Inetpub\wwwroot\markjw\2NDITS1\marw_trowe\website\contact.php on line 45
[29-Apr-2016 09:45:05] PHP Notice:  Undefined index: action in D:\Inetpub\wwwroot\markjw\2NDITS1\marw_trowe\website\contact.php on line 45
[29-Apr-2016 09:45:05] PHP Notice:  Undefined index: action in D:\Inetpub\wwwroot\markjw\2NDITS1\marw_trowe\website\contact.php on line 45
[29-Apr-2016 09:45:05] PHP Notice:  Undefined index: action in D:\Inetpub\wwwroot\markjw\2NDITS1\marw_trowe\website\contact.php on line 45
[29-Apr-2016 09:45:33] PHP Notice:  Undefined index: action in D:\Inetpub\wwwroot\markjw\2NDITS1\marw_trowe\website\contact.php on line 45
[29-Apr-2016 09:45:34] PHP Notice:  Undefined index: action in D:\Inetpub\wwwroot\markjw\2NDITS1\marw_trowe\website\contact.php on line 45
[29-Apr-2016 09:45:34] PHP Notice:  Undefined index: action in D:\Inetpub\wwwroot\markjw\2NDITS1\marw_trowe\website\contact.php on line 45
[29-Apr-2016 09:45:34] PHP Notice:  Undefined index: action in D:\Inetpub\wwwroot\markjw\2NDITS1\marw_trowe\website\contact.php on line 45
[29-Apr-2016 09:45:34] PHP Notice:  Undefined index: action in D:\Inetpub\wwwroot\markjw\2NDITS1\marw_trowe\website\contact.php on line 45
[29-Apr-2016 09:45:35] PHP Notice:  Undefined index: action in D:\Inetpub\wwwroot\markjw\2NDITS1\marw_trowe\website\contact.php on line 45
[29-Apr-2016 09:45:35] PHP Notice:  Undefined index: action in D:\Inetpub\wwwroot\markjw\2NDITS1\marw_trowe\website\contact.php on line 45
[29-Apr-2016 09:45:35] PHP Notice:  Undefined index: action in D:\Inetpub\wwwroot\markjw\2NDITS1\marw_trowe\website\contact.php on line 45
[29-Apr-2016 09:45:35] PHP Notice:  Undefined index: action in D:\Inetpub\wwwroot\markjw\2NDITS1\marw_trowe\website\contact.php on line 45
[29-Apr-2016 09:45:35] PHP Notice:  Undefined index: action in D:\Inetpub\wwwroot\markjw\2NDITS1\marw_trowe\website\contact.php on line 45
[29-Apr-2016 09:45:36] PHP Notice:  Undefined index: action in D:\Inetpub\wwwroot\markjw\2NDITS1\marw_trowe\website\contact.php on line 45
[29-Apr-2016 09:45:36] PHP Notice:  Undefined index: action in D:\Inetpub\wwwroot\markjw\2NDITS1\marw_trowe\website\contact.php on line 45
[29-Apr-2016 09:46:09] PHP Notice:  Undefined index: action in D:\Inetpub\wwwroot\markjw\2NDITS1\marw_trowe\website\contact.php on line 45
[29-Apr-2016 09:47:09] PHP Notice:  Undefined index: action in D:\Inetpub\wwwroot\markjw\2NDITS1\marw_trowe\website\contact.php on line 45
[29-Apr-2016 09:59:35] PHP Notice:  Undefined index: action in D:\Inetpub\wwwroot\markjw\2NDITS1\marw_trowe\website\contact.php on line 45
[29-Apr-2016 10:00:01] PHP Notice:  Undefined index: action in D:\Inetpub\wwwroot\markjw\2NDITS1\marw_trowe\website\contact.php on line 45
[29-Apr-2016 10:14:15] PHP Parse error:  parse error in D:\Inetpub\wwwroot\markjw\2NDITS1\marw_trowe\website\contact.php on line 99
[29-Apr-2016 10:22:18] PHP Parse error:  parse error in D:\Inetpub\wwwroot\markjw\2NDITS1\marw_trowe\website\contact.php on line 75
[29-Apr-2016 10:22:58] PHP Parse error:  parse error, expecting `'('' in D:\Inetpub\wwwroot\markjw\2NDITS1\marw_trowe\website\contact.php on line 77
[06-May-2016 11:14:10] PHP Warning:  mysqli_num_rows() expects parameter 1 to be mysqli_result, boolean given in D:\Inetpub\wwwroot\markjw\2NDITS1\marw_trowe\website\display_stats.php on line 48
[06-May-2016 11:54:30] PHP Parse error:  parse error in D:\Inetpub\wwwroot\markjw\2NDITS1\marw_trowe\website\show.php on line 118
[09-May-2016 10:22:51] PHP Parse error:  parse error, expecting `','' or `';'' in D:\Inetpub\wwwroot\markjw\2NDITS1\marw_trowe\website\add-script.php on line 53
[09-May-2016 10:23:01] PHP Parse error:  parse error, expecting `','' or `';'' in D:\Inetpub\wwwroot\markjw\2NDITS1\marw_trowe\website\add-script.php on line 52
[09-May-2016 11:14:47] PHP Notice:  Undefined variable: data in D:\Inetpub\wwwroot\markjw\2NDITS1\marw_trowe\website\edit-script.php on line 13
[09-May-2016 11:14:47] PHP Notice:  Undefined variable: data in D:\Inetpub\wwwroot\markjw\2NDITS1\marw_trowe\website\edit-script.php on line 15
[09-May-2016 11:14:47] PHP Notice:  Undefined variable: data in D:\Inetpub\wwwroot\markjw\2NDITS1\marw_trowe\website\edit-script.php on line 16
[09-May-2016 11:14:47] PHP Notice:  Undefined variable: data in D:\Inetpub\wwwroot\markjw\2NDITS1\marw_trowe\website\edit-script.php on line 17
[09-May-2016 11:14:47] PHP Notice:  Undefined variable: data in D:\Inetpub\wwwroot\markjw\2NDITS1\marw_trowe\website\edit-script.php on line 18
[09-May-2016 11:14:47] PHP Notice:  Undefined variable: data in D:\Inetpub\wwwroot\markjw\2NDITS1\marw_trowe\website\edit-script.php on line 19
[09-May-2016 11:14:50] PHP Notice:  Undefined variable: data in D:\Inetpub\wwwroot\markjw\2NDITS1\marw_trowe\website\edit-script.php on line 13
[09-May-2016 11:14:50] PHP Notice:  Undefined variable: data in D:\Inetpub\wwwroot\markjw\2NDITS1\marw_trowe\website\edit-script.php on line 15
[09-May-2016 11:14:50] PHP Notice:  Undefined variable: data in D:\Inetpub\wwwroot\markjw\2NDITS1\marw_trowe\website\edit-script.php on line 16
[09-May-2016 11:14:50] PHP Notice:  Undefined variable: data in D:\Inetpub\wwwroot\markjw\2NDITS1\marw_trowe\website\edit-script.php on line 17
[09-May-2016 11:14:50] PHP Notice:  Undefined variable: data in D:\Inetpub\wwwroot\markjw\2NDITS1\marw_trowe\website\edit-script.php on line 18
[09-May-2016 11:14:50] PHP Notice:  Undefined variable: data in D:\Inetpub\wwwroot\markjw\2NDITS1\marw_trowe\website\edit-script.php on line 19
[09-May-2016 11:15:12] PHP Notice:  Undefined variable: data in D:\Inetpub\wwwroot\markjw\2NDITS1\marw_trowe\website\edit-script.php on line 13
[09-May-2016 11:15:12] PHP Notice:  Undefined variable: data in D:\Inetpub\wwwroot\markjw\2NDITS1\marw_trowe\website\edit-script.php on line 15
[09-May-2016 11:15:12] PHP Notice:  Undefined variable: data in D:\Inetpub\wwwroot\markjw\2NDITS1\marw_trowe\website\edit-script.php on line 16
[09-May-2016 11:15:12] PHP Notice:  Undefined variable: data in D:\Inetpub\wwwroot\markjw\2NDITS1\marw_trowe\website\edit-script.php on line 17
[09-May-2016 11:15:12] PHP Notice:  Undefined variable: data in D:\Inetpub\wwwroot\markjw\2NDITS1\marw_trowe\website\edit-script.php on line 18
[09-May-2016 11:15:12] PHP Notice:  Undefined variable: data in D:\Inetpub\wwwroot\markjw\2NDITS1\marw_trowe\website\edit-script.php on line 19
[09-May-2016 11:15:16] PHP Notice:  Undefined variable: data in D:\Inetpub\wwwroot\markjw\2NDITS1\marw_trowe\website\edit-script.php on line 13
[09-May-2016 11:15:16] PHP Notice:  Undefined variable: data in D:\Inetpub\wwwroot\markjw\2NDITS1\marw_trowe\website\edit-script.php on line 15
[09-May-2016 11:15:16] PHP Notice:  Undefined variable: data in D:\Inetpub\wwwroot\markjw\2NDITS1\marw_trowe\website\edit-script.php on line 16
[09-May-2016 11:15:16] PHP Notice:  Undefined variable: data in D:\Inetpub\wwwroot\markjw\2NDITS1\marw_trowe\website\edit-script.php on line 17
[09-May-2016 11:15:16] PHP Notice:  Undefined variable: data in D:\Inetpub\wwwroot\markjw\2NDITS1\marw_trowe\website\edit-script.php on line 18
[09-May-2016 11:15:16] PHP Notice:  Undefined variable: data in D:\Inetpub\wwwroot\markjw\2NDITS1\marw_trowe\website\edit-script.php on line 19
[09-May-2016 11:15:21] PHP Notice:  Undefined variable: data in D:\Inetpub\wwwroot\markjw\2NDITS1\marw_trowe\website\edit-script.php on line 13
[09-May-2016 11:15:21] PHP Notice:  Undefined variable: data in D:\Inetpub\wwwroot\markjw\2NDITS1\marw_trowe\website\edit-script.php on line 15
[09-May-2016 11:15:21] PHP Notice:  Undefined variable: data in D:\Inetpub\wwwroot\markjw\2NDITS1\marw_trowe\website\edit-script.php on line 16
[09-May-2016 11:15:21] PHP Notice:  Undefined variable: data in D:\Inetpub\wwwroot\markjw\2NDITS1\marw_trowe\website\edit-script.php on line 17
[09-May-2016 11:15:21] PHP Notice:  Undefined variable: data in D:\Inetpub\wwwroot\markjw\2NDITS1\marw_trowe\website\edit-script.php on line 18
[09-May-2016 11:15:21] PHP Notice:  Undefined variable: data in D:\Inetpub\wwwroot\markjw\2NDITS1\marw_trowe\website\edit-script.php on line 19
[09-May-2016 11:41:18] PHP Notice:  Undefined index: name_hedgehog in D:\Inetpub\wwwroot\markjw\2NDITS1\marw_trowe\website\show.php on line 54
[09-May-2016 11:41:18] PHP Notice:  Undefined index: name_hedgehog in D:\Inetpub\wwwroot\markjw\2NDITS1\marw_trowe\website\show.php on line 54
[09-May-2016 11:41:18] PHP Notice:  Undefined index: name_hedgehog in D:\Inetpub\wwwroot\markjw\2NDITS1\marw_trowe\website\show.php on line 54
[09-May-2016 11:41:18] PHP Notice:  Undefined index: name_hedgehog in D:\Inetpub\wwwroot\markjw\2NDITS1\marw_trowe\website\show.php on line 54
[09-May-2016 11:41:18] PHP Notice:  Undefined index: name_hedgehog in D:\Inetpub\wwwroot\markjw\2NDITS1\marw_trowe\website\show.php on line 54
[09-May-2016 11:41:18] PHP Notice:  Undefined index: name_hedgehog in D:\Inetpub\wwwroot\markjw\2NDITS1\marw_trowe\website\show.php on line 54
[09-May-2016 11:41:18] PHP Notice:  Undefined index: name_hedgehog in D:\Inetpub\wwwroot\markjw\2NDITS1\marw_trowe\website\show.php on line 54
[09-May-2016 11:41:18] PHP Notice:  Undefined index: name_hedgehog in D:\Inetpub\wwwroot\markjw\2NDITS1\marw_trowe\website\show.php on line 54
[09-May-2016 11:41:18] PHP Notice:  Undefined index: name_hedgehog in D:\Inetpub\wwwroot\markjw\2NDITS1\marw_trowe\website\show.php on line 54
[09-May-2016 11:41:18] PHP Notice:  Undefined index: name_hedgehog in D:\Inetpub\wwwroot\markjw\2NDITS1\marw_trowe\website\show.php on line 54
[09-May-2016 11:41:18] PHP Notice:  Undefined index: name_hedgehog in D:\Inetpub\wwwroot\markjw\2NDITS1\marw_trowe\website\show.php on line 54
